
> react-typescript-starter@0.1.0 test
> react-scripts test "--coverage"

FAIL src/App.test.tsx
  ✕ renders the course name somewhere (3 ms)

  ● renders the course name somewhere

    TypeError: Cannot read properties of undefined (reading 'current')

      4 |
      5 | test("renders the course name somewhere", () => {
    > 6 |     render(<App />);
        |     ^
      7 |     const linkElement = screen.getByText(/CISC275/i);
      8 |     expect(linkElement).toBeInTheDocument();
      9 | });

      at act (node_modules/react-dom/cjs/react-dom-test-utils.development.js:1021:59)
      at render (node_modules/@testing-library/react/dist/pure.js:97:26)
      at Object.<anonymous> (src/App.test.tsx:6:5)
      at TestScheduler.scheduleTests (node_modules/@jest/core/build/TestScheduler.js:333:13)
      at runJest (node_modules/@jest/core/build/runJest.js:404:19)
      at _run10000 (node_modules/@jest/core/build/cli/index.js:320:7)
      at runCLI (node_modules/@jest/core/build/cli/index.js:173:3)

  ● renders the course name somewhere

    TypeError: Cannot read properties of undefined (reading 'current')

      at act (node_modules/react-dom/cjs/react-dom-test-utils.development.js:1021:59)
      at cleanupAtContainer (node_modules/@testing-library/react/dist/pure.js:143:26)
          at Set.forEach (<anonymous>)
      at cleanup (node_modules/@testing-library/react/dist/pure.js:137:21)
      at Object.<anonymous> (node_modules/@testing-library/react/dist/index.js:33:25)
      at TestScheduler.scheduleTests (node_modules/@jest/core/build/TestScheduler.js:333:13)
      at runJest (node_modules/@jest/core/build/runJest.js:404:19)
      at _run10000 (node_modules/@jest/core/build/cli/index.js:320:7)
      at runCLI (node_modules/@jest/core/build/cli/index.js:173:3)

----------------------|---------|----------|---------|---------|-------------------
File                  | % Stmts | % Branch | % Funcs | % Lines | Uncovered Line #s 
----------------------|---------|----------|---------|---------|-------------------
All files             |    4.71 |        0 |    2.94 |    4.95 |                   
 src                  |   27.27 |      100 |   33.33 |   33.33 |                   
  App.tsx             |   27.27 |      100 |   33.33 |   33.33 | 27-39             
  interfaces.ts       |       0 |        0 |       0 |       0 |                   
 src/Components       |     2.1 |        0 |       0 |    2.17 |                   
  AddCourse.tsx       |       0 |      100 |       0 |       0 | 17-64             
  AddPlan.tsx         |       0 |      100 |       0 |       0 | 14-25             
  AddSemester.tsx     |       0 |      100 |       0 |       0 | 16-29             
  PlanEditor.tsx      |       0 |      100 |       0 |       0 | 16-52             
  PlanList.tsx        |       0 |      100 |       0 |       0 | 10-13             
  PlanView.tsx        |       0 |        0 |       0 |       0 | 11-37             
  SemesterControl.tsx |       0 |      100 |       0 |       0 | 9                 
  SemesterEditor.tsx  |       0 |      100 |       0 |       0 | 16-72             
  SemesterList.tsx    |       0 |      100 |       0 |       0 | 15-18             
  SemesterView.tsx    |       0 |        0 |       0 |       0 | 18-50             
  addClass.tsx        |       0 |        0 |       0 |       0 | 11-57             
  courseListRead.tsx  |       0 |      100 |       0 |       0 | 6-9               
  courseTable.tsx     |       0 |      100 |       0 |       0 | 5-13              
  modalView.tsx       |       0 |      100 |       0 |       0 | 15                
  poolOfCourses.tsx   |   10.52 |        0 |       0 |   11.11 | 12-65             
  semesterTable.tsx   |       0 |      100 |       0 |       0 | 15                
 src/Interfaces       |       0 |        0 |       0 |       0 |                   
  course.ts           |       0 |        0 |       0 |       0 |                   
  plan.ts             |       0 |        0 |       0 |       0 |                   
  semester.ts         |       0 |        0 |       0 |       0 |                   
----------------------|---------|----------|---------|---------|-------------------
Test Suites: 1 failed, 1 total
Tests:       1 failed, 1 total
Snapshots:   0 total
Time:        2.755 s
Ran all test suites.
